📧 PRODUCTION MODE: Using real SMTP server
[PROMOCODES] Инициализация модуля промокодов...
Найдено активных подписчиков: 27
Принудительная загрузка промокодов для рассылки...
[PROMOCODES] Промокодов получено: 160
[PROMOCODES] Модуль промокодов инициализирован
[PROMOCODES] Промокодов получено: 160
Промокодов в кэше: 160
Промокодов в дайджесте: 8
Отправляем рассылку 27 подписчикам...
⏩ Письмо на: nipa03356@gmail.com
🎁 Promo email for: nipa03356@gmail.com
✅ Promo email processed: <624286c2-9eb6-162d-975b-63d04d249042@serpmonn.ru>
⏩ Письмо на: shahid1mdk@gmail.com
🎁 Promo email for: shahid1mdk@gmail.com
✅ Promo email processed: <abd6f037-71b8-a0ed-bfde-db2fbeae4a61@serpmonn.ru>
⏩ Письмо на: ilxom5298@gmail.com
🎁 Promo email for: ilxom5298@gmail.com
✅ Promo email processed: <f5183897-4148-af6b-c13c-ca0c775360ad@serpmonn.ru>
⏩ Письмо на: khokon017420512@gmail.com
🎁 Promo email for: khokon017420512@gmail.com
✅ Promo email processed: <cae519f8-ed03-ff2a-2fc8-88f45b87fac3@serpmonn.ru>
⏩ Письмо на: jmaowa181@gmail.com
🎁 Promo email for: jmaowa181@gmail.com
✅ Promo email processed: <55685292-447a-55f0-05de-56df854e0917@serpmonn.ru>
⏩ Письмо на: mdahsan7309221@gmail.com
🎁 Promo email for: mdahsan7309221@gmail.com
✅ Promo email processed: <31ed1033-8bce-de8e-a7cc-a2d94c4edabd@serpmonn.ru>
⏩ Письмо на: samimrs400@gmail.com
🎁 Promo email for: samimrs400@gmail.com
✅ Promo email processed: <b367a198-fdcd-1da9-27c6-2fc9e7f2bd74@serpmonn.ru>
⏩ Письмо на: piyam879711@gmail.com
🎁 Promo email for: piyam879711@gmail.com
✅ Promo email processed: <ea15b677-9a03-25b0-829b-e7358b9c1132@serpmonn.ru>
⏩ Письмо на: sahidkhan70126@gmail.com
🎁 Promo email for: sahidkhan70126@gmail.com
✅ Promo email processed: <dddc3644-ea7e-b8e3-6317-0a86f19a8128@serpmonn.ru>
⏩ Письмо на: erjan.daik.11@gmail.com
🎁 Promo email for: erjan.daik.11@gmail.com
✅ Promo email processed: <9dbd78d6-fb58-0a57-4e43-7fd8a08ea856@serpmonn.ru>
⏩ Письмо на: zamurnika@yandex.ru
🎁 Promo email for: zamurnika@yandex.ru
✅ Promo email processed: <32d84cf0-1137-7492-808f-7f4857caa971@serpmonn.ru>
⏩ Письмо на: yaroslavkarpukhin2011@gmail.com
🎁 Promo email for: yaroslavkarpukhin2011@gmail.com
✅ Promo email processed: <b4fdaa83-6396-3c04-4b63-aebea96a53a2@serpmonn.ru>
⏩ Письмо на: saber2291995@gmail.com
🎁 Promo email for: saber2291995@gmail.com
✅ Promo email processed: <0d72ad93-e5c2-0291-a3af-f7df03d53d16@serpmonn.ru>
⏩ Письмо на: markshishov15@gmail.com
🎁 Promo email for: markshishov15@gmail.com
✅ Promo email processed: <1214bfd7-f64d-e8f6-b6c2-d5e13f769beb@serpmonn.ru>
⏩ Письмо на: kurpebaevemir@gmail.com
🎁 Promo email for: kurpebaevemir@gmail.com
✅ Promo email processed: <bb0375f4-de15-6ee6-59a7-981ebcb4dfcf@serpmonn.ru>
⏩ Письмо на: amjadjanod358@gmail.com
🎁 Promo email for: amjadjanod358@gmail.com
✅ Promo email processed: <3c512ef6-707f-bc15-69dd-2ff767e61547@serpmonn.ru>
⏩ Письмо на: oe7@mail.ru
🎁 Promo email for: oe7@mail.ru
✅ Promo email processed: <c929cde2-ebf4-4eb1-1acb-2925b12cb7be@serpmonn.ru>
⏩ Письмо на: so3099501@gmail.com
🎁 Promo email for: so3099501@gmail.com
✅ Promo email processed: <20fcceb6-9e5a-cb70-0617-cd4fe37f0172@serpmonn.ru>
⏩ Письмо на: valeranovikov764@gmail.com
🎁 Promo email for: valeranovikov764@gmail.com
✅ Promo email processed: <8e926403-0a21-11fd-d7ae-1e2e75a6a28e@serpmonn.ru>
⏩ Письмо на: elatomcevgrisha@gmail.com
🎁 Promo email for: elatomcevgrisha@gmail.com
✅ Promo email processed: <cc9c11e4-4e70-7917-726e-252e7beb79ba@serpmonn.ru>
⏩ Письмо на: svetlanasadovskaya.usova1609@gmail.com
🎁 Promo email for: svetlanasadovskaya.usova1609@gmail.com
✅ Promo email processed: <a5e58a72-a35a-f09d-035f-e19b3941de7c@serpmonn.ru>
⏩ Письмо на: mohammadmunnatm252@gmail.com
🎁 Promo email for: mohammadmunnatm252@gmail.com
✅ Promo email processed: <9ab78b91-913e-8e02-823a-0b9980952bbb@serpmonn.ru>
⏩ Письмо на: eskanderesmaiel@gmail.com
🎁 Promo email for: eskanderesmaiel@gmail.com
✅ Promo email processed: <8b4268f7-07f5-211d-7bc6-c2953b20cd67@serpmonn.ru>
⏩ Письмо на: h221iloveyou@gmail.com
🎁 Promo email for: h221iloveyou@gmail.com
✅ Promo email processed: <ff20b8b8-b301-c139-b761-b63c4e8ceb4c@serpmonn.ru>
⏩ Письмо на: shanuratamyradow14@gmail.com
🎁 Promo email for: shanuratamyradow14@gmail.com
✅ Promo email processed: <864c7f41-0342-2549-3f3b-d00fe3533b8a@serpmonn.ru>
⏩ Письмо на: aroslavprivet82@gmail.com
🎁 Promo email for: aroslavprivet82@gmail.com
✅ Promo email processed: <45b67d87-ddf8-c4b0-af6c-57b5fbb8b6cb@serpmonn.ru>
⏩ Письмо на: serpmon@gmail.com
🎁 Promo email for: serpmon@gmail.com
✅ Promo email processed: <b2a4c6de-f582-7e10-d38e-2a436e04d0d9@serpmonn.ru>
🎉 Рассылка завершена.
